<?xml version="1.0" encoding="UTF-8"?>
<!-- Generated by org.testng.reporters.JUnitReportReporter -->
<testsuite hostname="MKOKANE10A" failures="0" tests="3" name="com.prjct.qa.testcases.LoginpageTest" time="27.454" errors="0" timestamp="2024-06-13T12:00:54 IST" skipped="0">
  <testcase classname="com.prjct.qa.testcases.LoginpageTest" name="loginpagetitletest" time="7.232"/>
  <testcase classname="com.prjct.qa.testcases.LoginpageTest" name="crmlogotest" time="10.711"/>
  <testcase classname="com.prjct.qa.testcases.LoginpageTest" name="loginTest" time="9.511"/>
</testsuite> <!-- com.prjct.qa.testcases.LoginpageTest -->
