<?xml version="1.0" encoding="UTF-8"?>
<!-- Generated by org.testng.reporters.JUnitReportReporter -->
<testsuite hostname="MKOKANE10A" failures="0" tests="3" name="com.prjct.qa.testcases.LoginpageTest" time="23.240" errors="0" timestamp="2024-06-13T12:28:08 IST" skipped="0">
  <testcase classname="com.prjct.qa.testcases.LoginpageTest" name="loginpagetitletest" time="9.468"/>
  <testcase classname="com.prjct.qa.testcases.LoginpageTest" name="crmlogotest" time="6.501"/>
  <testcase classname="com.prjct.qa.testcases.LoginpageTest" name="loginTest" time="7.271"/>
</testsuite> <!-- com.prjct.qa.testcases.LoginpageTest -->
